<?xml version="1.0" encoding="UTF-8"?>
<!-- Generated by org.testng.reporters.JUnitXMLReporter -->
<testsuite ignored="0" hostname="IN-189K1N3" failures="0" tests="1" name="Test_15" time="0.003" errors="0" timestamp="14 Jan 2023 14:43:17 GMT">
  <testcase classname="flipkart.pages.BasePage" name="@BeforeTest openingURL" time="0.0">
    <skipped/>
  </testcase> <!-- @BeforeTest openingURL -->
  <testcase classname="flipkart.pages.BasePage" name="@BeforeMethod startTest" time="0.0">
    <skipped/>
  </testcase> <!-- @BeforeMethod startTest -->
  <testcase classname="flipkart.pages.BasePage" name="@AfterMethod status" time="0.0">
    <skipped/>
  </testcase> <!-- @AfterMethod status -->
  <testcase classname="flipkart.testcases.HelpCenter" name="helpCenter" time="0.0">
    <skipped/>
  </testcase> <!-- helpCenter -->
</testsuite> <!-- Test_15 -->
