<?xml version="1.0" encoding="UTF-8"?>
<!-- Generated by org.testng.reporters.JUnitXMLReporter -->
<testsuite ignored="0" hostname="IN-189K1N3" failures="0" tests="1" name="Test_11" time="0.004" errors="0" timestamp="14 Jan 2023 14:43:17 GMT">
  <testcase classname="flipkart.pages.BasePage" name="@BeforeTest openingURL" time="0.0">
    <skipped/>
  </testcase> <!-- @BeforeTest openingURL -->
  <testcase classname="flipkart.pages.BasePage" name="@BeforeMethod startTest" time="0.0">
    <skipped/>
  </testcase> <!-- @BeforeMethod startTest -->
  <testcase classname="flipkart.pages.BasePage" name="@AfterMethod status" time="0.0">
    <skipped/>
  </testcase> <!-- @AfterMethod status -->
  <testcase classname="flipkart.testcases.Fashion" name="fashion" time="0.0">
    <skipped/>
  </testcase> <!-- fashion -->
</testsuite> <!-- Test_11 -->
