<?xml version="1.0" encoding="UTF-8"?>
<!-- Generated by org.testng.reporters.JUnitXMLReporter -->
<testsuite ignored="3" hostname="IN-189K1N3" failures="0" tests="2" name="Test1" time="48.483" errors="0" timestamp="08 Jan 2023 08:16:18 GMT">
  <testcase classname="flipkart.testcases.CreateAccount" name="newAccount" time="0.825"/>
  <testcase classname="flipkart.testcases.FlipkartLogin" name="login" time="0.501"/>
  <testcase classname="flipkart.pages.BasePage" name="@BeforeSuite allSetup" time="0.0">
    <ignored/>
  </testcase> <!-- @BeforeSuite allSetup -->
  <testcase classname="flipkart.pages.BasePage" name="@AfterSuite exit" time="0.0">
    <ignored/>
  </testcase> <!-- @AfterSuite exit -->
  <testcase classname="flipkart.pages.BasePage" name="@BeforeTest openingURL" time="0.0">
    <ignored/>
  </testcase> <!-- @BeforeTest openingURL -->
</testsuite> <!-- Test1 -->
