<?xml version="1.0" encoding="UTF-8"?>
<!-- Generated by org.testng.reporters.JUnitXMLReporter -->
<testsuite ignored="0" hostname="IN-189K1N3" failures="0" tests="1" name="Test_20" time="1.523" errors="0" timestamp="10 Jan 2023 08:50:53 GMT">
  <testcase classname="flipkart.pages.BasePage" name="@BeforeMethod startTest" time="0.001">
    <skipped/>
  </testcase> <!-- @BeforeMethod startTest -->
  <testcase classname="flipkart.pages.BasePage" name="@AfterMethod status" time="0.0">
    <skipped/>
  </testcase> <!-- @AfterMethod status -->
  <testcase classname="flipkart.testcases.TopOffers" name="topOffers" time="0.0">
    <skipped/>
  </testcase> <!-- topOffers -->
</testsuite> <!-- Test_20 -->
