<?xml version="1.0" encoding="UTF-8"?>
<!-- Generated by org.testng.reporters.JUnitXMLReporter -->
<testsuite ignored="3" hostname="IN-189K1N3" failures="0" tests="2" name="Test_8" time="0.012" errors="0" timestamp="14 Jan 2023 14:43:17 GMT">
  <testcase classname="flipkart.pages.BasePage" name="@BeforeTest openingURL" time="0.0">
    <skipped/>
  </testcase> <!-- @BeforeTest openingURL -->
  <testcase classname="flipkart.pages.BasePage" name="@BeforeMethod startTest" time="0.0">
    <skipped/>
  </testcase> <!-- @BeforeMethod startTest -->
  <testcase classname="flipkart.pages.BasePage" name="@AfterMethod status" time="0.0">
    <skipped/>
  </testcase> <!-- @AfterMethod status -->
  <testcase classname="flipkart.pages.BasePage" name="@BeforeMethod startTest" time="0.0">
    <skipped/>
  </testcase> <!-- @BeforeMethod startTest -->
  <testcase classname="flipkart.pages.BasePage" name="@AfterMethod status" time="0.0">
    <skipped/>
  </testcase> <!-- @AfterMethod status -->
  <testcase classname="flipkart.testcases.CreateAccount" name="newAccount" time="0.0">
    <skipped/>
  </testcase> <!-- newAccount -->
  <testcase classname="flipkart.testcases.FlipkartLogin" name="login" time="0.0">
    <skipped/>
  </testcase> <!-- login -->
  <testcase classname="flipkart.pages.BasePage" name="@BeforeSuite allSetup" time="0.0">
    <ignored/>
  </testcase> <!-- @BeforeSuite allSetup -->
  <testcase classname="flipkart.pages.BasePage" name="@AfterSuite exit" time="0.0">
    <ignored/>
  </testcase> <!-- @AfterSuite exit -->
  <testcase classname="flipkart.pages.BasePage" name="@BeforeTest openingURL" time="0.0">
    <ignored/>
  </testcase> <!-- @BeforeTest openingURL -->
</testsuite> <!-- Test_8 -->
