<?xml version="1.0" encoding="UTF-8"?>
<!-- Generated by org.testng.reporters.JUnitXMLReporter -->
<testsuite ignored="0" hostname="IN-189K1N3" failures="1" tests="1" name="Test_10" time="6.165" errors="0" timestamp="10 Jan 2023 08:49:16 GMT">
  <testcase classname="flipkart.testcases.ExplorePlus" name="explorePlus" time="3.385">
    <failure type="java.lang.AssertionError" message="expected [Online Shopping India | Buy Mobiles, Electronics, Appliances, Clothing and More Online at Flipkart.com] but found [Coins Balance – Check confirmed Flipkart coins for your Account]">
      <![CDATA[java.lang.AssertionError: expected [Online Shopping India | Buy Mobiles, Electronics, Appliances, Clothing and More Online at Flipkart.com] but found [Coins Balance – Check confirmed Flipkart coins for your Account]
at flipkart.testcases.ExplorePlus.explorePlus(ExplorePlus.java:27)
... Removed 31 stack frames]]>
    </failure>
  </testcase> <!-- explorePlus -->
</testsuite> <!-- Test_10 -->
