<?xml version="1.0" encoding="UTF-8"?>
<testng-results ignored="0" total="1" passed="1" failed="0" skipped="0">
  <reporter-output>
  </reporter-output>
  <suite started-at="2023-01-10T16:49:32Z" name="Default suite" finished-at="2023-01-10T16:49:43Z" duration-ms="11059">
    <groups>
    </groups>
    <test started-at="2023-01-10T16:49:32Z" name="Default test" finished-at="2023-01-10T16:49:43Z" duration-ms="11059">
      <class name="flipkart.testcases.Advertise">
        <test-method is-config="true" signature="allSetup()[pri:0, instance:flipkart.testcases.Advertise@388526fb]" started-at="2023-01-10T16:48:44Z" name="allSetup" finished-at="2023-01-10T16:49:32Z" duration-ms="48380" status="PASS">
          <reporter-output>
          </reporter-output>
        </test-method> <!-- allSetup -->
        <test-method is-config="true" signature="openingURL()[pri:0, instance:flipkart.testcases.Advertise@388526fb]" started-at="2023-01-10T16:49:32Z" name="openingURL" finished-at="2023-01-10T16:49:32Z" duration-ms="0" status="PASS">
          <reporter-output>
          </reporter-output>
        </test-method> <!-- openingURL -->
        <test-method is-config="true" signature="startTest(java.lang.reflect.Method)[pri:0, instance:flipkart.testcases.Advertise@388526fb]" started-at="2023-01-10T16:49:32Z" name="startTest" finished-at="2023-01-10T16:49:33Z" duration-ms="1208" status="PASS">
          <params>
            <param index="0">
              <value>
                <![CDATA[public void flipkart.testcases.Advertise.advertise() throws java.lang.Throwable]]>
              </value>
            </param>
          </params>
          <reporter-output>
          </reporter-output>
        </test-method> <!-- startTest -->
        <test-method signature="advertise()[pri:1, instance:flipkart.testcases.Advertise@388526fb]" started-at="2023-01-10T16:49:33Z" name="advertise" finished-at="2023-01-10T16:49:43Z" duration-ms="9397" status="PASS">
          <reporter-output>
          </reporter-output>
        </test-method> <!-- advertise -->
        <test-method is-config="true" signature="status(org.testng.ITestResult)[pri:0, instance:flipkart.testcases.Advertise@388526fb]" started-at="2023-01-10T16:49:43Z" name="status" finished-at="2023-01-10T16:49:43Z" duration-ms="429" status="PASS">
          <params>
            <param index="0">
              <value>
                <![CDATA[[TestResult name=advertise status=SUCCESS method=Advertise.advertise()[pri:1, instance:flipkart.testcases.Advertise@388526fb] output={null}]]]>
              </value>
            </param>
          </params>
          <reporter-output>
          </reporter-output>
        </test-method> <!-- status -->
        <test-method is-config="true" signature="exit()[pri:0, instance:flipkart.testcases.Advertise@388526fb]" started-at="2023-01-10T16:49:43Z" name="exit" finished-at="2023-01-10T16:49:44Z" duration-ms="771" status="PASS">
          <reporter-output>
          </reporter-output>
        </test-method> <!-- exit -->
      </class> <!-- flipkart.testcases.Advertise -->
    </test> <!-- Default test -->
  </suite> <!-- Default suite -->
</testng-results>
